<?xml version="1.0" encoding="UTF-8"?>
<testng-results ignored="0" total="3" passed="3" failed="0" skipped="0">
  <reporter-output>
  </reporter-output>
  <suite started-at="2021-05-20T11:01:30 EDT" name="Suite" finished-at="2021-05-20T11:01:30 EDT" duration-ms="42">
    <groups>
    </groups>
    <test started-at="2021-05-20T11:01:30 EDT" name="Test" finished-at="2021-05-20T11:01:30 EDT" duration-ms="42">
      <class name="Test.TestClass3">
        <test-method signature="test5(java.lang.String)[pri:0, instance:Test.TestClass3@9353778]" started-at="2021-05-20T11:01:30 EDT" name="test5" data-provider="testdata" finished-at="2021-05-20T11:01:30 EDT" duration-ms="5" status="PASS">
          <params>
            <param index="0">
              <value>
                <![CDATA[Nidhi]]>
              </value>
            </param>
          </params>
          <reporter-output>
          </reporter-output>
        </test-method> <!-- test5 -->
        <test-method signature="test5(java.lang.String)[pri:0, instance:Test.TestClass3@9353778]" started-at="2021-05-20T11:01:30 EDT" name="test5" data-provider="testdata" finished-at="2021-05-20T11:01:30 EDT" duration-ms="1" status="PASS">
          <params>
            <param index="0">
              <value>
                <![CDATA[mike]]>
              </value>
            </param>
          </params>
          <reporter-output>
          </reporter-output>
        </test-method> <!-- test5 -->
        <test-method signature="test5(java.lang.String)[pri:0, instance:Test.TestClass3@9353778]" started-at="2021-05-20T11:01:30 EDT" name="test5" data-provider="testdata" finished-at="2021-05-20T11:01:30 EDT" duration-ms="1" status="PASS">
          <params>
            <param index="0">
              <value>
                <![CDATA[raj]]>
              </value>
            </param>
          </params>
          <reporter-output>
          </reporter-output>
        </test-method> <!-- test5 -->
      </class> <!-- Test.TestClass3 -->
    </test> <!-- Test -->
  </suite> <!-- Suite -->
</testng-results>
